<?xml version="1.0" encoding="UTF-8"?>
<testng-results skipped="1" failed="0" ignored="0" total="1" passed="0">
  <reporter-output>
  </reporter-output>
  <suite name="Suitet1" duration-ms="12381" started-at="2019-02-20T12:35:45Z" finished-at="2019-02-20T12:35:58Z">
    <groups>
    </groups>
    <test name="Testt1" duration-ms="12381" started-at="2019-02-20T12:35:45Z" finished-at="2019-02-20T12:35:58Z">
      <class name="com.cjc.ReadExcelData.MercuryTest">
        <test-method status="PASS" signature="openBrowser()[pri:0, instance:com.cjc.ReadExcelData.MercuryTest@880ec60]" name="openBrowser" is-config="true" duration-ms="4273" started-at="2019-02-20T12:35:41Z" finished-at="2019-02-20T12:35:45Z">
          <reporter-output>
          </reporter-output>
        </test-method> <!-- openBrowser -->
        <test-method status="PASS" signature="applicationUrl()[pri:0, instance:com.cjc.ReadExcelData.MercuryTest@880ec60]" name="applicationUrl" is-config="true" duration-ms="11157" started-at="2019-02-20T12:35:45Z" finished-at="2019-02-20T12:35:56Z">
          <reporter-output>
          </reporter-output>
        </test-method> <!-- applicationUrl -->
        <test-method status="PASS" signature="max()[pri:0, instance:com.cjc.ReadExcelData.MercuryTest@880ec60]" name="max" is-config="true" duration-ms="1154" started-at="2019-02-20T12:35:56Z" finished-at="2019-02-20T12:35:58Z">
          <reporter-output>
          </reporter-output>
        </test-method> <!-- max -->
        <test-method status="SKIP" signature="loginWithValid1(java.lang.String, java.lang.String)[pri:0, instance:com.cjc.ReadExcelData.MercuryTest@880ec60]" name="loginWithValid1" duration-ms="0" started-at="2019-02-20T12:35:58Z" data-provider="test" finished-at="2019-02-20T12:35:58Z">
          <exception class="java.lang.RuntimeException">
            <message>
              <![CDATA[java.io.FileNotFoundException: E:\Automation\ExcelHandling\src\test\resources\TourExample.xlsx (The system cannot find the path specified)]]>
            </message>
            <full-stacktrace>
              <![CDATA[java.lang.RuntimeException: java.io.FileNotFoundException: E:\Automation\ExcelHandling\src\test\resources\TourExample.xlsx (The system cannot find the path specified)
at org.testng.internal.MethodInvocationHelper.invokeMethodNoCheckedException(MethodInvocationHelper.java:49)
at org.testng.internal.MethodInvocationHelper.invokeDataProvider(MethodInvocationHelper.java:131)
at org.testng.internal.Parameters.handleParameters(Parameters.java:706)
at org.testng.internal.ParameterHandler.handleParameters(ParameterHandler.java:49)
at org.testng.internal.ParameterHandler.createParameters(ParameterHandler.java:37)
at org.testng.internal.Invoker.invokeTestMethods(Invoker.java:924)
at org.testng.internal.TestMethodWorker.invokeTestMethods(TestMethodWorker.java:125)
at org.testng.internal.TestMethodWorker.run(TestMethodWorker.java:109)
at org.testng.TestRunner.privateRun(TestRunner.java:648)
at org.testng.TestRunner.run(TestRunner.java:505)
at org.testng.SuiteRunner.runTest(SuiteRunner.java:455)
at org.testng.SuiteRunner.runSequentially(SuiteRunner.java:450)
at org.testng.SuiteRunner.privateRun(SuiteRunner.java:415)
at org.testng.SuiteRunner.run(SuiteRunner.java:364)
at org.testng.SuiteRunnerWorker.runSuite(SuiteRunnerWorker.java:52)
at org.testng.SuiteRunnerWorker.run(SuiteRunnerWorker.java:84)
at org.testng.TestNG.runSuitesSequentially(TestNG.java:1208)
at org.testng.TestNG.runSuitesLocally(TestNG.java:1137)
at org.testng.TestNG.runSuites(TestNG.java:1049)
at org.testng.TestNG.run(TestNG.java:1017)
at org.apache.maven.surefire.testng.TestNGExecutor.run(TestNGExecutor.java:295)
at org.apache.maven.surefire.testng.TestNGXmlTestSuite.execute(TestNGXmlTestSuite.java:84)
at org.apache.maven.surefire.testng.TestNGProvider.invoke(TestNGProvider.java:90)
at org.apache.maven.surefire.booter.ForkedBooter.invokeProviderInSameClassLoader(ForkedBooter.java:203)
at org.apache.maven.surefire.booter.ForkedBooter.runSuitesInProcess(ForkedBooter.java:155)
at org.apache.maven.surefire.booter.ForkedBooter.main(ForkedBooter.java:103)
Caused by: java.io.FileNotFoundException: E:\Automation\ExcelHandling\src\test\resources\TourExample.xlsx (The system cannot find the path specified)
at java.io.FileInputStream.open0(Native Method)
at java.io.FileInputStream.open(FileInputStream.java:195)
at java.io.FileInputStream.<init>(FileInputStream.java:138)
at java.io.FileInputStream.<init>(FileInputStream.java:93)
at com.cjc.ReadExcelData.ExcelDataConfig.exceldata(ExcelDataConfig.java:17)
at com.cjc.ReadExcelData.MercuryTest.test(MercuryTest.java:65)
at sun.reflect.NativeMethodAccessorImpl.invoke0(Native Method)
at sun.reflect.NativeMethodAccessorImpl.invoke(NativeMethodAccessorImpl.java:62)
at sun.reflect.DelegatingMethodAccessorImpl.invoke(DelegatingMethodAccessorImpl.java:43)
at java.lang.reflect.Method.invoke(Method.java:498)
at org.testng.internal.MethodInvocationHelper.invokeMethod(MethodInvocationHelper.java:124)
at org.testng.internal.MethodInvocationHelper.invokeMethod(MethodInvocationHelper.java:74)
at org.testng.internal.MethodInvocationHelper.invokeMethodNoCheckedException(MethodInvocationHelper.java:45)
... 25 more
]]>
            </full-stacktrace>
          </exception> <!-- java.lang.RuntimeException -->
          <reporter-output>
          </reporter-output>
        </test-method> <!-- loginWithValid1 -->
        <test-method status="PASS" signature="deleteAllCookies()[pri:0, instance:com.cjc.ReadExcelData.MercuryTest@880ec60]" name="deleteAllCookies" is-config="true" duration-ms="19" started-at="2019-02-20T12:35:58Z" finished-at="2019-02-20T12:35:58Z">
          <reporter-output>
          </reporter-output>
        </test-method> <!-- deleteAllCookies -->
        <test-method status="PASS" signature="dbConnection()[pri:0, instance:com.cjc.ReadExcelData.MercuryTest@880ec60]" name="dbConnection" is-config="true" duration-ms="0" started-at="2019-02-20T12:35:58Z" finished-at="2019-02-20T12:35:58Z">
          <reporter-output>
          </reporter-output>
        </test-method> <!-- dbConnection -->
        <test-method status="PASS" signature="closeBrowser()[pri:0, instance:com.cjc.ReadExcelData.MercuryTest@880ec60]" name="closeBrowser" is-config="true" duration-ms="283" started-at="2019-02-20T12:35:58Z" finished-at="2019-02-20T12:35:58Z">
          <reporter-output>
          </reporter-output>
        </test-method> <!-- closeBrowser -->
      </class> <!-- com.cjc.ReadExcelData.MercuryTest -->
    </test> <!-- Testt1 -->
  </suite> <!-- Suitet1 -->
</testng-results>
